[INFO] Scanning for projects...
[INFO] 
[INFO] ----------< org.example.odoo_v17_data_migration.job:ELTdemo >-----------
[INFO] Building ODOO_V17_DATA_MIGRATION ELTdemo-0.1.0 (0.1,Job Designs) 0.1.0
[INFO]   from pom.xml
[INFO] --------------------------------[ jar ]---------------------------------
[WARNING] The POM for com.fasterxml.jackson.core:jackson-core:jar:2.14.0 is missing, no dependency information available
[WARNING] The POM for com.fasterxml.jackson.core:jackson-annotations:jar:2.14.0 is missing, no dependency information available
[WARNING] The POM for org.ow2.asm:asm:jar:9.3 is missing, no dependency information available
[INFO] 
[INFO] --- resources:3.3.1:resources (default-resources) @ ELTdemo ---
[WARNING] Using platform encoding (UTF-8 actually) to copy filtered resources, i.e. build is platform dependent!
[INFO] Copying 1 resource from src/main/resources to target/classes
[INFO] 
[INFO] --- compiler:3.11.0:compile (default-compile) @ ELTdemo ---
[WARNING] The POM for org.bouncycastle:bcpg-jdk18on:jar:1.77 is missing, no dependency information available
[WARNING] The POM for org.bouncycastle:bcprov-jdk18on:jar:1.77 is missing, no dependency information available
[WARNING] The POM for commons-codec:commons-codec:jar:1.17.0 is missing, no dependency information available
[WARNING] The POM for commons-io:commons-io:jar:2.16.1 is missing, no dependency information available
[WARNING] The POM for org.slf4j:slf4j-api:jar:2.0.13 is missing, no dependency information available
[WARNING] The POM for org.apache.commons:commons-compress:jar:1.23.0 is missing, no dependency information available
[WARNING] The POM for commons-io:commons-io:jar:2.6 is missing, no dependency information available
[INFO] Not compiling main sources
[INFO] 
[INFO] --- resources:3.3.1:testResources (default-testResources) @ ELTdemo ---
[WARNING] Using platform encoding (UTF-8 actually) to copy filtered resources, i.e. build is platform dependent!
[INFO] Copying 0 resource from src/test/resources to target/test-classes
[INFO] 
[INFO] --- compiler:3.11.0:testCompile (default-testCompile) @ ELTdemo ---
[INFO] Nothing to compile - all classes are up to date
[INFO] 
[INFO] --- surefire:3.3.0:test (default-test) @ ELTdemo ---
[INFO] 
[INFO] --- jar:3.3.0:jar (default-jar) @ ELTdemo ---
[WARNING] The POM for org.codehaus.plexus:plexus-archiver:jar:4.4.0 is missing, no dependency information available
[INFO] Building jar: /Users/lithinthampan/Documents/talend_output/v17_data_migration-322758282/ODOO_V17_DATA_MIGRATION/poms/jobs/process/a_zafco_v14_migration/eltdemo_0.1/target/eltdemo_0_1.jar
[INFO] 
[INFO] --- assembly:3.6.0:single (default) @ ELTdemo ---
[WARNING] The POM for org.apache.maven.resolver:maven-resolver-api:jar:1.6.3 is missing, no dependency information available
[WARNING] The POM for org.apache.maven.resolver:maven-resolver-util:jar:1.6.3 is missing, no dependency information available
[WARNING] The POM for org.slf4j:slf4j-api:jar:1.7.30 is missing, no dependency information available
[WARNING] The POM for com.google.guava:guava:jar:25.1-android is missing, no dependency information available
[INFO] Reading assembly descriptor: /Users/lithinthampan/Documents/talend_output/v17_data_migration-322758282/ODOO_V17_DATA_MIGRATION/poms/jobs/process/a_zafco_v14_migration/eltdemo_0.1/src/main/assemblies/assembly.xml
[INFO] Building zip: /Users/lithinthampan/Documents/talend_output/v17_data_migration-322758282/ODOO_V17_DATA_MIGRATION/poms/jobs/process/a_zafco_v14_migration/eltdemo_0.1/target/eltdemo_0_1.zip
[INFO] 
[INFO] --- signer:8.0.13:sign (sign) @ ELTdemo ---
[WARNING] The POM for org.codehaus.plexus:plexus-utils:jar:1.5.5 is missing, no dependency information available
[INFO] Start to sign the job artifact
[INFO] Start to sign artifact, the source file is eltdemo_0_1.zip and target file is eltdemo_0_1_sign_.zip
[INFO] ------------------------------------------------------------------------
[INFO] BUILD SUCCESS
[INFO] ------------------------------------------------------------------------
[INFO] Total time:  0.915 s
[INFO] Finished at: 2025-01-12T19:55:33+04:00
[INFO] ------------------------------------------------------------------------
